C:\Users\Kanev\Desktop\123, Заявка от 10.04, PNG
C:\Users\Kanev\Desktop\123, Заявка от 17.04, PNG
C:\Users\Kanev\Desktop\123, Июнь тко, pdf
C:\Users\Kanev\Desktop\123, Квитанция июль тко, pdf
C:\Users\Kanev\Desktop\123, Квитанция июль эле, pdf
C:\Users\Kanev\Desktop\123, Квитанция июнь тко, pdf
C:\Users\Kanev\Desktop\123, Квитанция май тко, pdf
C:\Users\Kanev\Desktop\123, Оплата кэск март, pdf
C:\Users\Kanev\Desktop\123, Отказ на заявку от 10.04, PNG
C:\Users\Kanev\Desktop\123, Чек июль тко, pdf
C:\Users\Kanev\Desktop\123, Чек июль эле, pdf
C:\Users\Kanev\Desktop\123, Чек май тко, pdf
C:\Users\Kanev\Desktop\123, Заявка от 10.04, PNG
C:\Users\Kanev\Desktop\123, Заявка от 17.04, PNG
C:\Users\Kanev\Desktop\123, Июнь тко, pdf
C:\Users\Kanev\Desktop\123, Квитанция июль тко, pdf
C:\Users\Kanev\Desktop\123, Квитанция июль эле, pdf
C:\Users\Kanev\Desktop\123, Квитанция июнь тко, pdf
C:\Users\Kanev\Desktop\123, Квитанция май тко, pdf
C:\Users\Kanev\Desktop\123, Оплата кэск март, pdf
C:\Users\Kanev\Desktop\123, Отказ на заявку от 10.04, PNG
C:\Users\Kanev\Desktop\123, Чек июль тко, pdf
C:\Users\Kanev\Desktop\123, Чек июль эле, pdf
C:\Users\Kanev\Desktop\123, Чек май тко, pdf
